app/proguard.cfg
#Use 5 step of optimization 
#-optimizationpasses 5

#When not preverifing in a case-insensitive filing system, such as Windows. This tool will unpack your processed jars,(if using windows you should then use):
-dontusemixedcaseclassnames

#Specifies not to ignore non-public library classes. As of version 4.5, this is the default setting
-dontskipnonpubliclibraryclasses

# Optimization is turned off by default. Dex does not like code run
# through the ProGuard optimize and preverify steps (and performs some
# of these optimizations on its own).    
-dontoptimize
-dontpreverify

-dontwarn android.support.**

#Specifies to write out some more information during processing. If the program terminates with an exception, this option will print out the entire stack trace, instead of just the exception message.
-verbose

#The -optimizations option disables some arithmetic simplifications that Dalvik 1.0 and 1.5 can't handle. Note that the Dalvik VM also can't handle aggressive overloading (of static fields).
#To understand or change this check http://proguard.sourceforge.net/index.html#/manual/optimizations.html
#-optimizations !code/simplification/arithmetic,!field/*,!class/merging/*

# Note that if you want to enable optimization, you cannot just
# include optimization flags in your own project configuration file;
# instead you will need to point to the
# "proguard-android-optimize.txt" file instead of this one from your
# project.properties file.

#To repackage classes on a single package
#-repackageclasses ''

#Uncomment if using annotations to keep them.
-keepattributes *Annotation* 

-keep public class * extends android.app.Activity
-keep public class * extends android.app.Application
-keep public class * extends android.app.Service
-keep public class * extends android.content.BroadcastReceiver
-keep public class * extends android.content.ContentProvider
-keep public class * extends android.app.backup.BackupAgentHelper
-keep public class * extends android.preference.Preference
-keep public class com.android.vending.licensing.ILicensingService

#Compatibility library 
-keep public class * extends android.support.v4.app.Fragment
-keep public class * extends android.app.Fragment

#To maintain custom components names that are used on layouts XML.
#Uncomment if having any problem with the approach below
#-keep public class custom.components.package.and.name.**

# keep setters in Views so that animations can still work.
# see http://proguard.sourceforge.net/manual/examples.html#beans
 -keepclassmembers public class * extends android.view.View {
  void set*(***);
  *** get*();
}
#To avoid changing names of methods invoked on layout's onClick.
# Uncomment and add specific method names if using onClick on layouts
-keepclassmembers class * {
	public void onClick(android.view.View);
}

#Maintain java native methods 
-keepclasseswithmembernames class * {
    native <methods>;
}

#To maintain custom components names that are used on layouts XML:
-keep public class * extends android.view.View {
    public <init>(android.content.Context);
}

-keepclasseswithmembers class * {
    public <init>(android.content.Context, android.util.AttributeSet);
}

-keepclasseswithmembers class * {
    public <init>(android.content.Context, android.util.AttributeSet, int);
}

-keepclassmembers class * extends android.app.Activity {
   public void *(android.view.View);
}

#Maintain enums
-keepclassmembers enum * {
    public static **[] values();
    public static ** valueOf(java.lang.String);
    #Required by gson serialization
    <fields>;
}

#To keep parcelable classes (to serialize - deserialize objects to sent through Intents)
-keep class * implements android.os.Parcelable {
  public static final android.os.Parcelable$Creator *;
}

#Keep the R
-keepclassmembers class **.R$* {
    public static <fields>;
}

#Handle OkHttp lib
-dontwarn okio.**
-dontwarn com.squareup.okhttp.**
-dontwarn com.viewpagerindicator.**
-keep class com.squareup.okhttp.** { *; }
-keep interface com.squareup.okhttp.** { *; }

#Keep line numbers
-renamesourcefileattribute SourceFile
-keepattributes SourceFile,LineNumberTable

###### ADDITIONAL OPTIONS NOT USED NORMALLY

#To keep callback calls. Uncomment if using any
#http://proguard.sourceforge.net/index.html#/manual/examples.html#callback
#-keep class mypackage.MyCallbackClass {
#   void myCallbackMethod(java.lang.String);
#}

#Uncomment if using Serializable 
-keepclassmembers class * implements java.io.Serializable {
    private static final java.io.ObjectStreamField[] serialPersistentFields;
    private void writeObject(java.io.ObjectOutputStream);
    private void readObject(java.io.ObjectInputStream);
    java.lang.Object writeReplace();
    java.lang.Object readResolve();
}

# Javascript bridge support 
-keepclassmembers class * {
    @android.webkit.JavascriptInterface <methods>;
}

-keepattributes JavascriptInterface
-keep public class com.mageventory.activity.WebActivity$WebUiFragment$CustomJavaScriptInterface
-keep public class * implements com.mageventory.activity.WebActivity$WebUiFragment$CustomJavaScriptInterface
-keepclassmembers class com.mageventory.activity.WebActivity$WebUiFragment$CustomJavaScriptInterface { 
    <methods>; 
}

##---------------Begin: proguard configuration for Gson  ----------
# Gson uses generic type information stored in a class file when working with fields. Proguard
# removes such information by default, so configure it to keep all of it.
-keepattributes Signature


# Gson specific classes
-keep class sun.misc.Unsafe { *; }
#-keep class com.google.gson.stream.** { *; }


# Application classes that will be serialized/deserialized over Gson
-keep class com.google.gson.examples.android.model.** { *; }


##---------------End: proguard configuration for Gson  ----------