app/build/outputs/mapping/production/release/seeds.txt
com.mventory.R$anim: int abc_fade_in
com.mventory.R$anim: int abc_fade_out
com.mventory.R$anim: int abc_grow_fade_in_from_bottom
com.mventory.R$anim: int abc_popup_enter
com.mventory.R$anim: int abc_popup_exit
com.mventory.R$anim: int abc_shrink_fade_out_from_bottom
com.mventory.R$anim: int abc_slide_in_bottom
com.mventory.R$anim: int abc_slide_in_top
com.mventory.R$anim: int abc_slide_out_bottom
com.mventory.R$anim: int abc_slide_out_top
com.mventory.R$anim: int slide_in_bottom
com.mventory.R$anim: int slide_out_top
com.mventory.R$array: int answer_not_store_admin_list
com.mventory.R$array: int answer_store_admin_list
com.mventory.R$array: int help_items_text
com.mventory.R$array: int help_items_urls
com.mventory.R$array: int safe_errors
com.mventory.R$array: int share_item_icons
com.mventory.R$array: int share_items
com.mventory.R$array: int status_entries
com.mventory.R$array: int status_entry_values
com.mventory.R$attr: int actionBarDivider
com.mventory.R$attr: int actionBarItemBackground
com.mventory.R$attr: int actionBarPopupTheme
com.mventory.R$attr: int actionBarSize
com.mventory.R$attr: int actionBarSplitStyle
com.mventory.R$attr: int actionBarStyle
com.mventory.R$attr: int actionBarTabBarStyle
com.mventory.R$attr: int actionBarTabStyle
com.mventory.R$attr: int actionBarTabTextStyle
com.mventory.R$attr: int actionBarTheme
com.mventory.R$attr: int actionBarWidgetTheme
com.mventory.R$attr: int actionButtonStyle
com.mventory.R$attr: int actionDropDownStyle
com.mventory.R$attr: int actionLayout
com.mventory.R$attr: int actionMenuTextAppearance
com.mventory.R$attr: int actionMenuTextColor
com.mventory.R$attr: int actionModeBackground
com.mventory.R$attr: int actionModeCloseButtonStyle
com.mventory.R$attr: int actionModeCloseDrawable
com.mventory.R$attr: int actionModeCopyDrawable
com.mventory.R$attr: int actionModeCutDrawable
com.mventory.R$attr: int actionModeFindDrawable
com.mventory.R$attr: int actionModePasteDrawable
com.mventory.R$attr: int actionModePopupWindowStyle
com.mventory.R$attr: int actionModeSelectAllDrawable
com.mventory.R$attr: int actionModeShareDrawable
com.mventory.R$attr: int actionModeSplitBackground
com.mventory.R$attr: int actionModeStyle
com.mventory.R$attr: int actionModeWebSearchDrawable
com.mventory.R$attr: int actionOverflowButtonStyle
com.mventory.R$attr: int actionOverflowMenuStyle
com.mventory.R$attr: int actionProviderClass
com.mventory.R$bool: int abc_action_bar_embed_tabs
com.mventory.R$bool: int abc_action_bar_embed_tabs_pre_jb
com.mventory.R$bool: int abc_action_bar_expanded_action_views_exclusive
com.mventory.R$bool: int abc_config_actionMenuItemAllCaps
com.mventory.R$bool: int abc_config_allowActionMenuItemTextWithIcon
com.mventory.R$bool: int abc_config_closeDialogWhenTouchOutside
com.mventory.R$bool: int abc_config_showMenuShortcutsWhenKeyboardPresent
com.mventory.R$bool: int default_circle_indicator_centered
com.mventory.R$bool: int default_circle_indicator_snap
com.mventory.R$bool: int default_line_indicator_centered
com.mventory.R$bool: int default_title_indicator_selected_bold
com.mventory.R$bool: int default_underline_indicator_fades
com.mventory.R$bool: int ga_autoActivityTracking
com.mventory.R$bool: int ga_reportUncaughtExceptions
com.mventory.R$bool: int pdef_default_manual_category_selection_allowed
...
com.google.analytics.containertag.proto.MutableServing$Property: java.lang.Object writeReplace()
com.google.analytics.containertag.proto.MutableServing$Resource: java.lang.Object writeReplace()
com.google.analytics.containertag.proto.MutableServing$ResourceState: com.google.analytics.containertag.proto.MutableServing$ResourceState PREVIEW
com.google.analytics.containertag.proto.MutableServing$ResourceState: com.google.analytics.containertag.proto.MutableServing$ResourceState LIVE
com.google.analytics.containertag.proto.MutableServing$ResourceState: int PREVIEW_VALUE
com.google.analytics.containertag.proto.MutableServing$ResourceState: int LIVE_VALUE
com.google.analytics.containertag.proto.MutableServing$ResourceState: com.google.tagmanager.protobuf.Internal$EnumLiteMap internalValueMap
com.google.analytics.containertag.proto.MutableServing$ResourceState: int value
com.google.analytics.containertag.proto.MutableServing$ResourceState: com.google.analytics.containertag.proto.MutableServing$ResourceState[] $VALUES
com.google.analytics.containertag.proto.MutableServing$ResourceState: com.google.analytics.containertag.proto.MutableServing$ResourceState[] values()
com.google.analytics.containertag.proto.MutableServing$ResourceState: com.google.analytics.containertag.proto.MutableServing$ResourceState valueOf(java.lang.String)
com.google.analytics.containertag.proto.MutableServing$ResourceType: com.google.analytics.containertag.proto.MutableServing$ResourceType JS_RESOURCE
com.google.analytics.containertag.proto.MutableServing$ResourceType: com.google.analytics.containertag.proto.MutableServing$ResourceType NS_RESOURCE
com.google.analytics.containertag.proto.MutableServing$ResourceType: com.google.analytics.containertag.proto.MutableServing$ResourceType PIXEL_COLLECTION
com.google.analytics.containertag.proto.MutableServing$ResourceType: com.google.analytics.containertag.proto.MutableServing$ResourceType SET_COOKIE
com.google.analytics.containertag.proto.MutableServing$ResourceType: com.google.analytics.containertag.proto.MutableServing$ResourceType GET_COOKIE
com.google.analytics.containertag.proto.MutableServing$ResourceType: com.google.analytics.containertag.proto.MutableServing$ResourceType CLEAR_CACHE
com.google.analytics.containertag.proto.MutableServing$ResourceType: com.google.analytics.containertag.proto.MutableServing$ResourceType RAW_PROTO
com.google.analytics.containertag.proto.MutableServing$ResourceType: int JS_RESOURCE_VALUE
com.google.analytics.containertag.proto.MutableServing$ResourceType: int NS_RESOURCE_VALUE
com.google.analytics.containertag.proto.MutableServing$ResourceType: int PIXEL_COLLECTION_VALUE
com.google.analytics.containertag.proto.MutableServing$ResourceType: int SET_COOKIE_VALUE
com.google.analytics.containertag.proto.MutableServing$Rule: java.lang.Object writeReplace()
com.google.analytics.containertag.proto.MutableServing$ServingValue: java.lang.Object writeReplace()
com.google.analytics.containertag.proto.Serving$CacheOption: java.lang.Object writeReplace()