app/build/outputs/mapping/production/release/mapping.txt
com.mventory.R -> com.a.a:
com.mventory.R$styleable -> com.a.b:
    int[] ActionBar -> ActionBar
    int ActionBar_background -> ActionBar_background
    int ActionBar_backgroundSplit -> ActionBar_backgroundSplit
    int ActionBar_backgroundStacked -> ActionBar_backgroundStacked
    int ActionBar_contentInsetEnd -> ActionBar_contentInsetEnd
    int ActionBar_contentInsetLeft -> ActionBar_contentInsetLeft
    int ActionBar_contentInsetRight -> ActionBar_contentInsetRight
    int ActionBar_contentInsetStart -> ActionBar_contentInsetStart
    int ActionBar_customNavigationLayout -> ActionBar_customNavigationLayout
    int ActionBar_displayOptions -> ActionBar_displayOptions
    int ActionBar_divider -> ActionBar_divider
    int ActionBar_elevation -> ActionBar_elevation
    int ActionBar_height -> ActionBar_height
    int ActionBar_hideOnContentScroll -> ActionBar_hideOnContentScroll
    int ActionBar_homeAsUpIndicator -> ActionBar_homeAsUpIndicator
    int ActionBar_homeLayout -> ActionBar_homeLayout
    int ActionBar_icon -> ActionBar_icon
    int ActionBar_indeterminateProgressStyle -> ActionBar_indeterminateProgressStyle
    int ActionBar_itemPadding -> ActionBar_itemPadding
    int ActionBar_logo -> ActionBar_logo
    int ActionBar_navigationMode -> ActionBar_navigationMode
    int ActionBar_popupTheme -> ActionBar_popupTheme
    int ActionBar_progressBarPadding -> ActionBar_progressBarPadding
    int ActionBar_progressBarStyle -> ActionBar_progressBarStyle
...
com.google.gson.FieldNamingPolicy$5 -> com.google.a.h:
    112:112:void <init>(java.lang.String,int) -> <init>
    114:114:java.lang.String translateName(java.lang.reflect.Field) -> a
com.google.gson.FieldNamingStrategy -> com.google.a.i:
    java.lang.String translateName(java.lang.reflect.Field) -> a
com.google.gson.Gson -> com.google.a.j:
    java.lang.ThreadLocal calls -> c
    java.util.Map typeTokenCache -> d
    java.util.List factories -> e
    com.google.gson.internal.ConstructorConstructor constructorConstructor -> f
    boolean serializeNulls -> g
    boolean htmlSafe -> h
    boolean generateNonExecutableJson -> i
    boolean prettyPrinting -> j
    com.google.gson.JsonDeserializationContext deserializationContext -> a
    com.google.gson.JsonSerializationContext serializationContext -> b
    174:178:void <init>() -> <init>
    109:244:void <init>(com.google.gson.internal.Excluder,com.google.gson.FieldNamingStrategy,java.util.Map,boolean,boolean,boolean,boolean,boolean,boolean,com.google.gson.LongSerializationPolicy,java.util.List) -> <init>
    247:250:com.google.gson.TypeAdapter doubleAdapter(boolean) -> a
    271:274:com.google.gson.TypeAdapter floatAdapter(boolean) -> b
    295:300:void checkValidFloatingPoint(double) -> a
    303:306:com.google.gson.TypeAdapter longAdapter(com.google.gson.LongSerializationPolicy) -> a
    332:368:com.google.gson.TypeAdapter getAdapter(com.google.gson.reflect.TypeToken) -> a
    420:435:com.google.gson.TypeAdapter getDelegateAdapter(com.google.gson.TypeAdapterFactory,com.google.gson.reflect.TypeToken) -> a
    445:445:com.google.gson.TypeAdapter getAdapter(java.lang.Class) -> a
    504:507:java.lang.String toJson(java.lang.Object) -> a
    526:528:java.lang.String toJson(java.lang.Object,java.lang.reflect.Type) -> a
com.google.gson.Gson$1 -> com.google.a.k:
    com.google.gson.Gson this$0 -> a
    123:123:void <init>(com.google.gson.Gson) -> <init>
com.google.gson.Gson$2 -> com.google.a.l:
    com.google.gson.Gson this$0 -> a
    130:130:void <init>(com.google.gson.Gson) -> <init>
com.google.gson.Gson$3 -> com.google.a.m:
    com.google.gson.Gson this$0 -> a
    250:250:void <init>(com.google.gson.Gson) -> <init>
    252:256:java.lang.Double read(com.google.gson.stream.JsonReader) -> a
    259:266:void write(com.google.gson.stream.JsonWriter,java.lang.Number) -> a
    250:250:java.lang.Object read(com.google.gson.stream.JsonReader) -> b
    250:250:void write(com.google.gson.stream.JsonWriter,java.lang.Object) -> a
com.google.gson.Gson$4 -> com.google.a.n:
    com.google.gson.Gson this$0 -> a
    274:274:void <init>(com.google.gson.Gson) -> <init>
    276:280:java.lang.Float read(com.google.gson.stream.JsonReader) -> a
    283:290:void write(com.google.gson.stream.JsonWriter,java.lang.Number) -> a
    274:274:java.lang.Object read(com.google.gson.stream.JsonReader) -> b
    274:274:void write(com.google.gson.stream.JsonWriter,java.lang.Object) -> a
com.google.gson.Gson$5 -> com.google.a.o:
    com.google.gson.Gson this$0 -> a
    306:306:void <init>(com.google.gson.Gson) -> <init>
    308:312:java.lang.Number read(com.google.gson.stream.JsonReader) -> a
    315:320:void write(com.google.gson.stream.JsonWriter,java.lang.Number) -> a
    306:306:java.lang.Object read(com.google.gson.stream.JsonReader) -> b
    306:306:void write(com.google.gson.stream.JsonWriter,java.lang.Object) -> a
com.google.gson.Gson$FutureTypeAdapter -> com.google.a.p:
    com.google.gson.TypeAdapter delegate -> a
    871:871:void <init>() -> <init>
    875:879:void setDelegate(com.google.gson.TypeAdapter) -> a
    882:885:java.lang.Object read(com.google.gson.stream.JsonReader) -> b
    889:893:void write(com.google.gson.stream.JsonWriter,java.lang.Object) -> a
com.google.gson.InstanceCreator -> com.google.a.q:
    java.lang.Object createInstance(java.lang.reflect.Type) -> a