app/build/outputs/mapping/production/release/usage.txt
com.mventory.BuildConfig
com.mventory.R:
    10:3840:public R()
com.mventory.R$anim
com.mventory.R$array
com.mventory.R$attr
com.mventory.R$bool
com.mventory.R$color
com.mventory.R$dimen
com.mventory.R$drawable
com.mventory.R$id
com.mventory.R$integer
com.mventory.R$layout
com.mventory.R$menu
com.mventory.R$raw
com.mventory.R$string
com.mventory.R$style
com.mventory.R$styleable:
    3840:3840:public R$styleable()
...
com.google.analytics.containertag.proto.Debug$EventInfo$1
com.google.analytics.containertag.proto.Debug$EventInfo$Builder
com.google.analytics.containertag.proto.Debug$EventInfo$EventType
com.google.analytics.containertag.proto.Debug$EventInfo$EventType$1
com.google.analytics.containertag.proto.Debug$EventInfoOrBuilder
com.google.analytics.containertag.proto.Debug$MacroEvaluationInfo
com.google.analytics.containertag.proto.Debug$MacroEvaluationInfo$1
com.google.analytics.containertag.proto.Debug$MacroEvaluationInfo$Builder
com.google.analytics.containertag.proto.Debug$MacroEvaluationInfoOrBuilder
com.google.analytics.containertag.proto.Debug$ResolvedFunctionCall
com.google.analytics.containertag.proto.Debug$ResolvedFunctionCall$1
com.google.analytics.containertag.proto.Debug$ResolvedFunctionCall$Builder
com.google.analytics.containertag.proto.Debug$ResolvedFunctionCallOrBuilder
com.google.analytics.containertag.proto.Debug$ResolvedProperty
com.google.analytics.containertag.proto.Debug$ResolvedProperty$1
com.google.analytics.containertag.proto.Debug$ResolvedProperty$Builder
com.google.analytics.containertag.proto.Debug$ResolvedPropertyOrBuilder
com.google.analytics.containertag.proto.Debug$ResolvedRule
com.google.analytics.containertag.proto.Debug$ResolvedRule$1
com.google.analytics.containertag.proto.Debug$ResolvedRule$Builder
com.google.analytics.containertag.proto.Debug$ResolvedRuleOrBuilder
com.google.analytics.containertag.proto.Debug$RuleEvaluationStepInfo
com.google.analytics.containertag.proto.Debug$RuleEvaluationStepInfo$1
com.google.analytics.containertag.proto.Debug$RuleEvaluationStepInfo$Builder
com.google.analytics.containertag.proto.Debug$RuleEvaluationStepInfoOrBuilder
com.google.analytics.containertag.proto.MutableDebug
com.google.analytics.containertag.proto.MutableDebug$DataLayerEventEvaluationInfo
com.google.analytics.containertag.proto.MutableDebug$DebugEvents
com.google.analytics.containertag.proto.MutableDebug$EventInfo
com.google.analytics.containertag.proto.MutableDebug$EventInfo$EventType
com.google.analytics.containertag.proto.MutableDebug$EventInfo$EventType$1
com.google.analytics.containertag.proto.MutableDebug$MacroEvaluationInfo
com.google.analytics.containertag.proto.MutableDebug$ResolvedFunctionCall
com.google.analytics.containertag.proto.MutableDebug$ResolvedProperty
com.google.analytics.containertag.proto.MutableDebug$ResolvedRule
com.google.analytics.containertag.proto.MutableDebug$RuleEvaluationStepInfo
com.google.analytics.containertag.proto.MutableServing
com.google.analytics.containertag.proto.MutableServing$CacheOption
com.google.analytics.containertag.proto.MutableServing$CacheOption$CacheLevel
com.google.analytics.containertag.proto.MutableServing$CacheOption$CacheLevel$1
com.google.analytics.containertag.proto.MutableServing$Container
com.google.analytics.containertag.proto.MutableServing$FunctionCall
com.google.analytics.containertag.proto.MutableServing$OptionalResource
com.google.analytics.containertag.proto.MutableServing$Property
com.google.analytics.containertag.proto.MutableServing$Resource
com.google.analytics.containertag.proto.MutableServing$ResourceState
com.google.analytics.containertag.proto.MutableServing$ResourceState$1
com.google.analytics.containertag.proto.MutableServing$ResourceType
com.google.analytics.containertag.proto.MutableServing$ResourceType$1
com.google.analytics.containertag.proto.MutableServing$Rule
com.google.analytics.containertag.proto.MutableServing$ServingValue
com.google.analytics.containertag.proto.Serving:
    7:7:private Serving()
    10:11:public static void registerAllExtensions(com.google.tagmanager.protobuf.ExtensionRegistryLite)
    9724:9724:static void <clinit>()